<?xml version="1.0" encoding="UTF-8"?>
<!-- Generated by org.testng.reporters.JUnitReportReporter -->
<testsuite hostname="Denescos" name="Model.UtilNGTest" tests="1" failures="0" timestamp="10 Dec 2019 16:59:59 GMT" time="10.862" errors="0">
  <testcase name="testSomeMethod" time="10.862" classname="Model.UtilNGTest"/>
</testsuite> <!-- Model.UtilNGTest -->
